<?xml version="1.0" encoding="UTF-8"?>
<!-- Generated by org.testng.reporters.JUnitReportReporter -->
<testsuite hostname="DESKTOP-LHMO7C5" failures="0" tests="1" name="com.assign.testsuite.TestLogin" time="35.155" errors="0" timestamp="21 May 2024 03:50:43 GMT">
  <testcase classname="com.assign.testsuite.TestLogin" name="test3" time="35.155"/>
</testsuite> <!-- com.assign.testsuite.TestLogin -->
