<?xml version="1.0" encoding="UTF-8"?>
<!-- Generated by org.testng.reporters.JUnitReportReporter -->
<testsuite hostname="DESKTOP-LHMO7C5" failures="0" tests="1" name="com.assign.testsuite.TestCourseList" time="12.444" errors="0" timestamp="21 May 2024 03:50:43 GMT">
  <testcase classname="com.assign.testsuite.TestCourseList" name="test2" time="12.444"/>
</testsuite> <!-- com.assign.testsuite.TestCourseList -->
