<?xml version="1.0" encoding="UTF-8"?>
<!-- Generated by org.testng.reporters.JUnitReportReporter -->
<testsuite hostname="DESKTOP-LHMO7C5" failures="0" tests="1" name="com.assign.testsuite.TestHomePageTitle" time="13.888" errors="0" timestamp="21 May 2024 03:50:43 GMT">
  <testcase classname="com.assign.testsuite.TestHomePageTitle" name="test1" time="13.888"/>
</testsuite> <!-- com.assign.testsuite.TestHomePageTitle -->
